==============================================================================
Flipkart test                                                                 
==============================================================================
Flipkart Search Test                                                  Product name-Samsung Galaxy S10 (Prism White, 512 GB) Price of Product-?92,000 LinkText-Add to Compare
Samsung Galaxy S10 (Prism White, 512 GB)
4.61,783 Ratings & 185 Reviews
8 GB RAM | 512 GB ROM | Expandable Upto 512 GB
15.49 cm (6.1 inch) Quad HD+ Display
16MP + 12MP | 10MP Front Camera
3400 mAh Lithium-ion Battery
Exynos 9 9820 Processor
Brand Warranty of 1 Year Available for Mobile and 6 Months for Accessories
?92,000
No Cost EMI
Upto 
?13,200
 Off on Exchange
Product name-Samsung Galaxy S20 Ultra (Cosmic Gray, 128 GB) Price of Product-?86,999 LinkText-Add to Compare
Samsung Galaxy S20 Ultra (Cosmic Gray, 128 GB)
4.291 Ratings & 17 Reviews
12 GB RAM | 128 GB ROM | Expandable Upto 1 TB
17.53 cm (6.9 inch) Quad HD+ Display
108 MP + 48 MP + 12 MP + VGA Depth Camera | 40MP Front Camera
5000 mAh Lithium-ion Battery
Exynos 990 Processor
Super AMOLED Display
1 Year Manufacturer Warranty for Phone and 6 Months Warranty for In the Box Accessories
?86,999
?1,03,00015% off
No Cost EMI
Upto 
?13,200
 Off on Exchange
Product name-Samsung Galaxy S20 (Cloud Blue, 128 GB) Price of Product-?74,000 LinkText-Add to Compare
Samsung Galaxy S20 (Cloud Blue, 128 GB)
4.3237 Ratings & 48 Reviews
8 GB RAM | 128 GB ROM | Expandable Upto 1 TB
15.75 cm (6.2 inch) Quad HD+ Display
64MP + 12MP + 12MP | 10MP Front Camera
4000 mAh Lithium-ion Battery
Exynos 990 Processor
Super AMOLED Display
1 Year Manufacturer Warranty for Phone and 6 Months Warranty for In the Box Accessories
?74,000
No Cost EMI
Upto 
?13,200
 Off on Exchange
Product name-Samsung Galaxy S10 (Prism Blue, 128 GB) Price of Product-?71,000 LinkText-Add to Compare
Samsung Galaxy S10 (Prism Blue, 128 GB)
4.61,783 Ratings & 185 Reviews
8 GB RAM | 128 GB ROM | Expandable Upto 512 GB
15.49 cm (6.1 inch) Quad HD+ Display
16MP + 12MP | 10MP Front Camera
3400 mAh Lithium-ion Battery
Exynos 9 9820 Processor
Brand Warranty of 1 Year Available for Mobile and 6 Months for Accessories
?71,000
No Cost EMI
Upto 
?13,200
 Off on Exchange
Product name-Samsung Galaxy S20+ (Cosmic Gray, 128 GB) Price of Product-?54,999 LinkText-Add to Compare
Samsung Galaxy S20+ (Cosmic Gray, 128 GB)
4.414,289 Ratings & 2,381 Reviews
8 GB RAM | 128 GB ROM | Expandable Upto 1 TB
17.02 cm (6.7 inch) Quad HD+ Display
64 MP + 12 MP +12 MP + VGA Depth Camera | 10MP Front Camera
4500 mAh Lithium-ion Battery
Exynos 990 Processor
Super AMOLED Display
1 Year Manufacturer Warranty for Phone and 6 Months Warranty for In the Box Accessories
?54,999
?83,00033% off
No Cost EMI
Upto 
?13,200
 Off on Exchange
Product name-Samsung Galaxy S8 Plus (Coral Blue, 64 GB) Price of Product-?53,990 LinkText-Add to Compare
Samsung Galaxy S8 Plus (Coral Blue, 64 GB)
4.62,005 Ratings & 338 Reviews
4 GB RAM | 64 GB ROM | Expandable Upto 256 GB
15.75 cm (6.2 inch) Quad HD+ Display
12MP Rear Camera | 8MP Front Camera
3500 mAh Battery
Exynos 8895 Octa Core 2.3GHz Processor
Brand Warranty of 1 Year Available for Mobile and 6 Months for Accessories
?53,990
No Cost EMI
Upto 
?13,200
 Off on Exchange
Product name-Samsung Galaxy S8 Plus (Midnight Black, 64 GB) Price of Product-?53,990 LinkText-Add to Compare
Samsung Galaxy S8 Plus (Midnight Black, 64 GB)
4.62,005 Ratings & 338 Reviews
4 GB RAM | 64 GB ROM | Expandable Upto 256 GB
15.75 cm (6.2 inch) Quad HD+ Display
12MP Rear Camera | 8MP Front Camera
3500 mAh Battery
Exynos 8895 Octa Core 2.3GHz Processor
Brand Warranty of 1 Year Available for Mobile and 6 Months for Accessories
?53,990
No Cost EMI
Upto 
?13,200
 Off on Exchange
Product name-Samsung Galaxy S8 Plus (Maple Gold, 64 GB) Price of Product-?53,990 LinkText-Add to Compare
Samsung Galaxy S8 Plus (Maple Gold, 64 GB)
4.62,005 Ratings & 338 Reviews
4 GB RAM | 64 GB ROM | Expandable Upto 256 GB
15.75 cm (6.2 inch) Quad HD+ Display
12MP Rear Camera | 8MP Front Camera
3500 mAh Battery
Exynos 8895 Octa Core 2.3GHz Processor
Brand Warranty of 1 Year Available for Mobile and 6 Months for Accessories
?53,990
No Cost EMI
Upto 
?13,200
 Off on Exchange
Product name-Samsung Galaxy S8 Plus (Orchid Grey, 64 GB) Price of Product-?53,990 LinkText-Add to Compare
Samsung Galaxy S8 Plus (Orchid Grey, 64 GB)
4.62,005 Ratings & 338 Reviews
4 GB RAM | 64 GB ROM | Expandable Upto 256 GB
15.75 cm (6.2 inch) Quad HD+ Display
12MP Rear Camera | 8MP Front Camera
3500 mAh Battery
8895 Processor
Brand Warranty of 1 Year Available for Mobile and 6 Months for Accessories
?53,990
No Cost EMI
Upto 
?13,200
 Off on Exchange
Product name-Samsung Galaxy S20 (Cosmic Gray, 128 GB) Price of Product-?52,905 LinkText-Add to Compare
Samsung Galaxy S20 (Cosmic Gray, 128 GB)
4.3237 Ratings & 48 Reviews
8 GB RAM | 128 GB ROM | Expandable Upto 1 TB
15.75 cm (6.2 inch) Quad HD+ Display
64MP + 12MP + 12MP | 10MP Front Camera
4000 mAh Lithium-ion Battery
Exynos 990 Processor
Super AMOLED Display
1 Year Manufacturer Warranty for Phone and 6 Months Warranty for In the Box Accessories
?52,905
No Cost EMI
Product name-Samsung Galaxy S20 FE (Cloud Navy, 128 GB) Price of Product-?49,999 LinkText-Add to Compare
Samsung Galaxy S20 FE (Cloud Navy, 128 GB)
4.3111 Ratings & 20 Reviews
8 GB RAM | 128 GB ROM | Expandable Upto 1 TB
16.51 cm (6.5 inch) Full HD+ Display
12MP + 12MP + 8MP Rear Camera | 32MP Front Camera
4500 mAh Lithium Ion Battery
Exynos Octa Core Processor
Super AMOLED Display | 120 Hz Rate
IP68 Rating
1 Year Warranty Provided by the Manufacturer from Date of Purchase
?49,999
?65,99924% off
No Cost EMI
Upto 
?13,200
 Off on Exchange
Product name-Samsung Galaxy S20 FE (Cloud Red, 128 GB) Price of Product-?49,999 LinkText-Add to Compare
Samsung Galaxy S20 FE (Cloud Red, 128 GB)
4.3111 Ratings & 20 Reviews
8 GB RAM | 128 GB ROM | Expandable Upto 1 TB
16.51 cm (6.5 inch) Full HD+ Display
12MP + 12MP + 8MP Rear Camera | 32MP Front Camera
4500 mAh Lithium Ion Battery
Exynos Octa Core Processor
Super AMOLED Display | 120 Hz Rate
IP68 Rating
1 Year Warranty Provided by the Manufacturer from Date of Purchase
?49,999
?65,99924% off
No Cost EMI
Upto 
?13,200
 Off on Exchange
Product name-Samsung Galaxy S20 FE (Cloud Mint, 128 GB) Price of Product-?49,999 LinkText-Add to Compare
Samsung Galaxy S20 FE (Cloud Mint, 128 GB)
4.3111 Ratings & 20 Reviews
8 GB RAM | 128 GB ROM | Expandable Upto 1 TB
16.51 cm (6.5 inch) Full HD+ Display
12MP + 12MP + 8MP Rear Camera | 32MP Front Camera
4500 mAh Lithium Ion Battery
Exynos Octa Core Processor
Super AMOLED Display | 120 Hz Rate
IP68 Rating
1 Year Warranty Provided by the Manufacturer from Date of Purchase
?49,999
?65,99924% off
No Cost EMI
Upto 
?13,200
 Off on Exchange
Product name-Samsung Galaxy S20 FE (Cloud Lavender, 128 GB) Price of Product-?49,999 LinkText-Add to Compare
Samsung Galaxy S20 FE (Cloud Lavender, 128 GB)
4.3111 Ratings & 20 Reviews
8 GB RAM | 128 GB ROM | Expandable Upto 1 TB
16.51 cm (6.5 inch) Full HD+ Display
12MP + 12MP + 8MP Rear Camera | 32MP Front Camera
4500 mAh Lithium Ion Battery
Exynos Octa Core Processor
Super AMOLED Display | 120 Hz Rate
IP68 Rating
1 Year Warranty Provided by the Manufacturer from Date of Purchase
?49,999
?65,99924% off
No Cost EMI
Upto 
?13,200
 Off on Exchange
Product name-Samsung Galaxy S20 FE (Cloud White, 128 GB) Price of Product-?49,999 LinkText-Add to Compare
Samsung Galaxy S20 FE (Cloud White, 128 GB)
4.3111 Ratings & 20 Reviews
8 GB RAM | 128 GB ROM | Expandable Upto 1 TB
16.51 cm (6.5 inch) Full HD+ Display
12MP + 12MP + 8MP Rear Camera | 32MP Front Camera
4500 mAh Lithium Ion Battery
Exynos Octa Core Processor
Super AMOLED Display | 120 Hz Rate
IP68 Rating
1 Year Warranty Provided by the Manufacturer from Date of Purchase
?49,999
?65,99924% off
No Cost EMI
Upto 
?13,200
 Off on Exchange
Product name-Samsung Galaxy S10 Lite (Prism Blue, 512 GB) Price of Product-?45,999 LinkText-Add to Compare
Samsung Galaxy S10 Lite (Prism Blue, 512 GB)
4.512,307 Ratings & 3,011 Reviews
8 GB RAM | 512 GB ROM | Expandable Upto 1 TB
17.02 cm (6.7 inch) Full HD+ Display
48MP + 12MP + 5MP | 32MP Front Camera
4500 mAh Lithium-ion Battery
Qualcomm Snapdragon 855 (SM8150) Processor
Brand Warranty of 1 Year Available for Mobile and 6 Months for Accessories
?45,999
?51,0009% off
No Cost EMI
Upto 
?13,200
 Off on Exchange
Product name-Samsung Galaxy S10 Lite (Prism Black, 512 GB) Price of Product-?45,999 LinkText-Add to Compare
Samsung Galaxy S10 Lite (Prism Black, 512 GB)
4.512,307 Ratings & 3,011 Reviews
8 GB RAM | 512 GB ROM | Expandable Upto 1 TB
17.02 cm (6.7 inch) Full HD+ Display
48MP + 12MP + 5MP | 32MP Front Camera
4500 mAh Lithium-ion Battery
Qualcomm Snapdragon 855 (SM8150) Processor
Brand Warranty of 1 Year Available for Mobile and 6 Months for Accessories
?45,999
?51,0009% off
No Cost EMI
Upto 
?13,200
 Off on Exchange
Product name-Samsung Galaxy S10 Lite (Prism White, 512 GB) Price of Product-?43,999 LinkText-Add to Compare
Samsung Galaxy S10 Lite (Prism White, 512 GB)
4.512,307 Ratings & 3,011 Reviews
8 GB RAM | 512 GB ROM | Expandable Upto 1 TB
17.02 cm (6.7 inch) Full HD+ Display
48MP + 12MP + 5MP | 32MP Front Camera
4500 mAh Lithium-ion Battery
Qualcomm Snapdragon 855 (SM8150) Processor
Brand Warranty of 1 Year Available for Mobile and 6 Months for Accessories
?43,999
No Cost EMI
Product name-Samsung Galaxy S10 Lite (Prism Black, 128 GB) Price of Product-?40,999 LinkText-Add to Compare
Samsung Galaxy S10 Lite (Prism Black, 128 GB)
4.512,307 Ratings & 3,011 Reviews
8 GB RAM | 128 GB ROM | Expandable Upto 1 TB
17.02 cm (6.7 inch) Full HD+ Display
48MP + 12MP + 5MP | 32MP Front Camera
4500 mAh Lithium-ion Battery
Qualcomm Snapdragon 855 (SM8150) Processor
Brand Warranty of 1 Year Available for Mobile and 6 Months for Accessories
?40,999
?43,9996% off
No Cost EMI
Upto 
?13,200
 Off on Exchange
Product name-Samsung Galaxy S10 Lite (Prism Blue, 128 GB) Price of Product-?36,499 LinkText-Add to Compare
Samsung Galaxy S10 Lite (Prism Blue, 128 GB)
4.512,307 Ratings & 3,011 Reviews
8 GB RAM | 128 GB ROM | Expandable Upto 1 TB
17.02 cm (6.7 inch) Full HD+ Display
48MP + 12MP + 5MP | 32MP Front Camera
4500 mAh Lithium-ion Battery
Qualcomm Snapdragon 855 (SM8150) Processor
Brand Warranty of 1 Year Available for Mobile and 6 Months for Accessories
?36,499
No Cost EMI
Product name-Samsung Galaxy A70s (Prism Crush Red, 128 GB) Price of Product-?31,000 LinkText-Add to Compare
Samsung Galaxy A70s (Prism Crush Red, 128 GB)
4.34,031 Ratings & 396 Reviews
6 GB RAM | 128 GB ROM | Expandable Upto 512 GB
17.02 cm (6.7 inch) Full HD+ Display
64MP + 5MP + 8MP | 32MP Front Camera
4500 mAh Lithium Ion Battery
Qualcomm SM6150 Processor
Super AMOLED Display
Brand Warranty of 1 Year Available for Mobile and 6 Months for Accessories
?31,000
No Cost EMI
Upto 
?13,200
 Off on Exchange
Product name-Samsung Galaxy A70s (Prism Crush Black, 128 GB) Price of Product-?31,000 LinkText-Add to Compare
Samsung Galaxy A70s (Prism Crush Black, 128 GB)
4.34,031 Ratings & 396 Reviews
6 GB RAM | 128 GB ROM | Expandable Upto 512 GB
17.02 cm (6.7 inch) Full HD+ Display
64MP + 5MP + 8MP | 32MP Front Camera
4500 mAh Lithium Ion Battery
Qualcomm SM6150 Processor
Super AMOLED Display
Brand Warranty of 1 Year Available for Mobile and 6 Months for Accessories
?31,000
No Cost EMI
Upto 
?13,200
 Off on Exchange
Product name-Samsung Galaxy A70s (Prism Crush White, 128 GB) Price of Product-?31,000 LinkText-Add to Compare
Samsung Galaxy A70s (Prism Crush White, 128 GB)
4.34,031 Ratings & 396 Reviews
6 GB RAM | 128 GB ROM | Expandable Upto 512 GB
17.02 cm (6.7 inch) Full HD+ Display
64MP + 5MP + 8MP | 32MP Front Camera
4500 mAh Lithium Ion Battery
Qualcomm SM6150 Processor
Super AMOLED Display
Brand Warranty of 1 Year Available for Mobile and 6 Months for Accessories
?31,000
No Cost EMI
Upto 
?13,200
 Off on Exchange
Product name-Samsung Galaxy A70s (Prism Crush White, 128 GB) Price of Product-?25,999 LinkText-Add to Compare
Samsung Galaxy A70s (Prism Crush White, 128 GB)
4.41,001 Ratings & 112 Reviews
8 GB RAM | 128 GB ROM | Expandable Upto 512 GB
17.02 cm (6.7 inch) Full HD+ Display
64MP + 5MP + 8MP | 32MP Front Camera
4500 mAh Lithium Ion Battery
Qualcomm SM6150 Processor
Brand Warranty of 1 Year Available for Mobile and 6 Months for Accessories
?25,999
?33,10021% off
No Cost EMI
Upto 
?13,200
 Off on Exchange
| PASS |
------------------------------------------------------------------------------
Flipkart test                                                         | PASS |
1 critical test, 1 passed, 0 failed
1 test total, 1 passed, 0 failed
==============================================================================
Output:  D:\PythonProjects\BrowserStack\Results\pabot_results\0\output.xml
